<?xml version="1.0" encoding="UTF-8"?>
<!-- Generated by org.testng.reporters.JUnitReportReporter -->
<testsuite hostname="Kamakshi" failures="0" tests="2" name="framework.testcases.testcaseCRM" time="1.768" errors="0" timestamp="2023-01-27T17:23:07 IST" skipped="0">
  <testcase classname="framework.testcases.testcaseCRM" name="LoginApp" time="0.829"/>
  <system-out/>
  <testcase classname="framework.testcases.testcaseCRM" name="LoginApp1" time="0.939"/>
  <system-out/>
</testsuite> <!-- framework.testcases.testcaseCRM -->
