<?xml version="1.0" encoding="UTF-8"?>
<!-- Generated by org.testng.reporters.JUnitReportReporter -->
<testsuite hostname="Kamakshi" failures="0" tests="2" name="framework.testcases.testcaseCRM" time="1.858" errors="0" timestamp="2023-01-29T19:09:55 IST" skipped="0">
  <testcase classname="framework.testcases.testcaseCRM" name="LoginApp" time="1.502"/>
  <system-out>
    <![CDATA[This log is in test method]]>
  </system-out>
  <testcase classname="framework.testcases.testcaseCRM" name="LoginApp1" time="0.356"/>
  <system-out/>
</testsuite> <!-- framework.testcases.testcaseCRM -->
