<?xml version="1.0" encoding="UTF-8"?>
<!-- Generated by org.testng.reporters.JUnitReportReporter -->
<testsuite hostname="Kamakshi" failures="0" tests="1" name="com.sel.mvn.testMvn" time="0.017" errors="0" timestamp="2023-01-20T12:26:21 IST" skipped="0">
  <testcase classname="com.sel.mvn.testMvn" name="LoadURL" time="0.017"/>
  <system-out/>
</testsuite> <!-- com.sel.mvn.testMvn -->
