<?xml version="1.0" encoding="UTF-8"?>
<!-- Generated by org.testng.reporters.JUnitReportReporter -->
<testsuite hostname="Kamakshi" failures="0" tests="1" name="com.sel.mvn.testMvn" time="0.014" errors="0" timestamp="2022-10-16T20:00:24 IST" skipped="0">
  <testcase classname="com.sel.mvn.testMvn" name="LoadURL" time="0.014"/>
  <system-out/>
</testsuite> <!-- com.sel.mvn.testMvn -->
